<?xml version="1.0" encoding="UTF-8"?>
<!-- Generated by org.testng.reporters.JUnitReportReporter -->
<testsuite hostname="IBM-6K152F3" name="ElearningProject.ElearnCucumber.elearn" tests="1" failures="0" timestamp="23 Jun 2022 07:24:25 GMT" time="16.675" errors="0">
  <testcase name="testcase" time="16.675" classname="ElearningProject.ElearnCucumber.elearn"/>
</testsuite> <!-- ElearningProject.ElearnCucumber.elearn -->
